<?xml version="1.0" encoding="UTF-8"?>
<!-- Generated by org.testng.reporters.JUnitXMLReporter -->
<testsuite hostname="INAMDLBI0096" ignored="3" name="Test" tests="3" failures="0" timestamp="22 Jun 2021 13:30:00 GMT" time="33.297" errors="0">
  <testcase name="@BeforeClass setUp" time="33.137" classname="com.automation.pages.Base">
    <failure type="org.openqa.selenium.TimeoutException" message="timeout: Timed out receiving message from renderer: 19.277
  (Session info: chrome=91.0.4472.114)
Build info: version: &amp;apos;3.141.59&amp;apos;, revision: &amp;apos;e82be7d358&amp;apos;, time: &amp;apos;2018-11-14T08:17:03&amp;apos;
System info: host: &amp;apos;INAMDLBI0096&amp;apos;, ip: &amp;apos;192.168.225.41&amp;apos;, os.name: &amp;apos;Windows 10&amp;apos;, os.arch: &amp;apos;amd64&amp;apos;, os.version: &amp;apos;10.0&amp;apos;, java.version: &amp;apos;1.8.0_171&amp;apos;
Driver info: org.openqa.selenium.chrome.ChromeDriver
Capabilities {acceptInsecureCerts: false, browserName: chrome, browserVersion: 91.0.4472.114, chrome: {chromedriverVersion: 90.0.4430.24 (4c6d850f087da..., userDataDir: C:\Users\chashah1\AppData\L...}, goog:chromeOptions: {debuggerAddress: localhost:53567}, javascriptEnabled: true, networkConnectionEnabled: false, pageLoadStrategy: normal, platform: WINDOWS, platformName: WINDOWS, proxy: Proxy(), setWindowRect: true, strictFileInteractability: false, timeouts: {implicit: 0, pageLoad: 300000, script: 30000}, unhandledPromptBehavior: dismiss and notify, webauthn:extension:largeBlob: true, webauthn:virtualAuthenticators: true}
Session ID: 7d3eba9df4183b6787c83b74d68abf1b">
      <![CDATA[org.openqa.selenium.TimeoutException: timeout: Timed out receiving message from renderer: 19.277
  (Session info: chrome=91.0.4472.114)
Build info: version: '3.141.59', revision: 'e82be7d358', time: '2018-11-14T08:17:03'
System info: host: 'INAMDLBI0096', ip: '192.168.225.41', os.name: 'Windows 10', os.arch: 'amd64', os.version: '10.0', java.version: '1.8.0_171'
Driver info: org.openqa.selenium.chrome.ChromeDriver
Capabilities {acceptInsecureCerts: false, browserName: chrome, browserVersion: 91.0.4472.114, chrome: {chromedriverVersion: 90.0.4430.24 (4c6d850f087da..., userDataDir: C:\Users\chashah1\AppData\L...}, goog:chromeOptions: {debuggerAddress: localhost:53567}, javascriptEnabled: true, networkConnectionEnabled: false, pageLoadStrategy: normal, platform: WINDOWS, platformName: WINDOWS, proxy: Proxy(), setWindowRect: true, strictFileInteractability: false, timeouts: {implicit: 0, pageLoad: 300000, script: 30000}, unhandledPromptBehavior: dismiss and notify, webauthn:extension:largeBlob: true, webauthn:virtualAuthenticators: true}
Session ID: 7d3eba9df4183b6787c83b74d68abf1b
at org.openqa.selenium.remote.http.W3CHttpResponseCodec.createException(W3CHttpResponseCodec.java:187)
at org.openqa.selenium.remote.http.W3CHttpResponseCodec.decode(W3CHttpResponseCodec.java:122)
at org.openqa.selenium.remote.http.W3CHttpResponseCodec.decode(W3CHttpResponseCodec.java:49)
at org.openqa.selenium.remote.HttpCommandExecutor.execute(HttpCommandExecutor.java:158)
at org.openqa.selenium.remote.service.DriverCommandExecutor.execute(DriverCommandExecutor.java:83)
at org.openqa.selenium.remote.RemoteWebDriver.execute(RemoteWebDriver.java:552)
at org.openqa.selenium.remote.RemoteWebDriver.get(RemoteWebDriver.java:277)
at com.automation.utilities.BrowserFactory.startApp(BrowserFactory.java:44)
at com.automation.pages.Base.setUp(Base.java:51)
... Removed 30 stack frames]]>
    </failure>
  </testcase> <!-- @BeforeClass setUp -->
  <testcase name="@BeforeMethod loginProcess" time="0.0" classname="com.automation.pages.Base">
    <skipped/>
  </testcase> <!-- @BeforeMethod loginProcess -->
  <testcase name="@AfterMethod tearDownMethod" time="0.0" classname="com.automation.pages.Base">
    <skipped/>
  </testcase> <!-- @AfterMethod tearDownMethod -->
  <testcase name="@AfterClass tearDown" time="0.0" classname="com.automation.pages.Base">
    <skipped/>
  </testcase> <!-- @AfterClass tearDown -->
  <testcase name="@BeforeClass setUp" time="0.0" classname="com.automation.pages.Base">
    <failure type="java.lang.NullPointerException">
      <![CDATA[java.lang.NullPointerException
at com.automation.pages.Base.setUp(Base.java:51)
... Removed 26 stack frames]]>
    </failure>
  </testcase> <!-- @BeforeClass setUp -->
  <testcase name="@BeforeMethod loginProcess" time="0.0" classname="com.automation.pages.Base">
    <skipped/>
  </testcase> <!-- @BeforeMethod loginProcess -->
  <testcase name="@AfterMethod tearDownMethod" time="0.0" classname="com.automation.pages.Base">
    <skipped/>
  </testcase> <!-- @AfterMethod tearDownMethod -->
  <testcase name="@AfterClass tearDown" time="0.0" classname="com.automation.pages.Base">
    <skipped/>
  </testcase> <!-- @AfterClass tearDown -->
  <testcase name="@BeforeClass setUp" time="0.0" classname="com.automation.pages.Base">
    <failure type="java.lang.NullPointerException">
      <![CDATA[java.lang.NullPointerException
at com.automation.pages.Base.setUp(Base.java:51)
... Removed 26 stack frames]]>
    </failure>
  </testcase> <!-- @BeforeClass setUp -->
  <testcase name="@BeforeMethod loginProcess" time="0.0" classname="com.automation.pages.Base">
    <skipped/>
  </testcase> <!-- @BeforeMethod loginProcess -->
  <testcase name="@AfterMethod tearDownMethod" time="0.0" classname="com.automation.pages.Base">
    <skipped/>
  </testcase> <!-- @AfterMethod tearDownMethod -->
  <testcase name="@AfterClass tearDown" time="0.0" classname="com.automation.pages.Base">
    <skipped/>
  </testcase> <!-- @AfterClass tearDown -->
  <testcase name="loginApp" time="0.0" classname="com.aautomation.testcases.LoginTest">
    <skipped/>
  </testcase> <!-- loginApp -->
  <testcase name="addIndividualFromMainmenu" time="0.015" classname="com.aautomation.testcases.MainmenuScenarios">
    <skipped/>
  </testcase> <!-- addIndividualFromMainmenu -->
  <testcase name="quickOrganization" time="0.0" classname="com.aautomation.testcases.DashboardQuick">
    <skipped/>
  </testcase> <!-- quickOrganization -->
  <testcase name="quickIndividual" time="0.0" classname="com.aautomation.testcases.DashboardQuick">
    <ignored/>
  </testcase> <!-- quickIndividual -->
  <testcase name="@BeforeSuite setUpSuite" time="0.0" classname="com.automation.pages.Base">
    <ignored/>
  </testcase> <!-- @BeforeSuite setUpSuite -->
  <testcase name="@BeforeSuite setUpSuite" time="0.0" classname="com.automation.pages.Base">
    <ignored/>
  </testcase> <!-- @BeforeSuite setUpSuite -->
</testsuite> <!-- Test -->
